{
  "RSpec": {
    "coverage": {
      "/Users/heatherdalton/makers_projects/makersbnb/app.rb": {
        "lines": [
          1,
          1,
          1,
          1,
          1,
          1,
          null,
          1,
          1,
          1,
          4,
          null,
          null,
          1,
          1,
          1,
          1,
          null,
          null,
          1,
          5,
          null,
          null,
          1,
          3,
          3,
          1,
          null,
          2,
          2,
          null,
          null,
          null,
          1,
          7,
          7,
          null,
          null,
          1,
          4,
          4,
          4,
          4,
          null,
          null,
          1,
          4,
          null,
          4,
          4,
          null,
          null,
          null,
          null,
          null,
          null,
          null,
          1,
          null,
          null,
          1,
          null,
          1,
          null,
          null,
          null,
          null,
          null,
          null,
          null,
          null,
          1,
          2,
          2,
          null,
          null,
          1,
          0,
          0,
          0,
          0,
          null,
          null,
          null,
          1,
          null
        ]
      },
      "/Users/heatherdalton/makers_projects/makersbnb/lib/user.rb": {
        "lines": [
          1,
          null,
          1,
          1,
          null,
          1,
          0,
          0,
          0,
          null,
          null,
          1,
          2,
          2,
          null,
          0,
          null,
          2,
          7,
          null,
          null,
          1,
          2,
          2,
          null,
          0,
          null,
          null,
          2,
          null,
          null,
          1,
          4,
          4,
          null,
          0,
          null,
          null,
          4,
          6,
          4,
          2,
          null,
          null,
          null
        ]
      },
      "/Users/heatherdalton/makers_projects/makersbnb/lib/space.rb": {
        "lines": [
          1,
          null,
          1,
          null,
          1,
          null,
          1,
          36,
          36,
          36,
          36,
          36,
          36,
          36,
          null,
          null,
          null,
          null,
          1,
          8,
          8,
          null,
          0,
          null,
          8,
          8,
          null,
          null,
          1,
          14,
          14,
          null,
          0,
          null,
          14,
          14,
          28,
          null,
          null,
          null,
          null,
          null,
          null,
          null,
          null,
          null,
          null,
          null,
          1,
          null,
          null,
          null,
          null,
          null,
          null,
          null,
          0,
          0,
          null,
          0,
          null,
          0,
          0,
          0,
          null,
          null,
          null,
          null,
          null,
          null,
          null,
          null,
          null,
          null,
          null,
          null
        ]
      },
      "/Users/heatherdalton/makers_projects/makersbnb/lib/booking.rb": {
        "lines": [
          1,
          null,
          1,
          null,
          1,
          null,
          1,
          3,
          3,
          3,
          3,
          3,
          3,
          null,
          null,
          null,
          1,
          1,
          1,
          null,
          0,
          null,
          1,
          null,
          null,
          null,
          null,
          null,
          null,
          null,
          null,
          1,
          null,
          null,
          null,
          1,
          1,
          1,
          null,
          0,
          null,
          1,
          null,
          null,
          null,
          null,
          null,
          null,
          1,
          null,
          null,
          null,
          1,
          1,
          1,
          null,
          0,
          null,
          1,
          null,
          null,
          null,
          null,
          null,
          null,
          1,
          null,
          null,
          null
        ]
      },
      "/Users/heatherdalton/makers_projects/makersbnb/lib/request.rb": {
        "lines": [
          1,
          null,
          1,
          null,
          1,
          null,
          1,
          2,
          2,
          2,
          2,
          2,
          2,
          2,
          null,
          null,
          null,
          1,
          2,
          2,
          null,
          0,
          null,
          2,
          null,
          null,
          null,
          null,
          null,
          null,
          null,
          null,
          2,
          1,
          null,
          null,
          null,
          null,
          null,
          null,
          null,
          null,
          null,
          null,
          null,
          1,
          1,
          1,
          null,
          0,
          null,
          1,
          null,
          null,
          null,
          1,
          1,
          null,
          null,
          null,
          null,
          null,
          null,
          null,
          null,
          null,
          null,
          null,
          null,
          null,
          null,
          null,
          null
        ]
      },
      "/Users/heatherdalton/makers_projects/makersbnb/spec/features/create_booking_spec.rb": {
        "lines": [
          1,
          1,
          1,
          1,
          1,
          1,
          1,
          1,
          1,
          1,
          null,
          null,
          null,
          null
        ]
      },
      "/Users/heatherdalton/makers_projects/makersbnb/spec/features/create_space_spec.rb": {
        "lines": [
          null,
          1,
          1,
          1,
          1,
          1,
          1,
          1,
          1,
          1,
          1,
          null,
          null
        ]
      },
      "/Users/heatherdalton/makers_projects/makersbnb/spec/features/filter_dates_spec.rb": {
        "lines": [
          1,
          1,
          1,
          1,
          1,
          1,
          1,
          1,
          1,
          1,
          1,
          1,
          1,
          1,
          1,
          1,
          1,
          1,
          null,
          null
        ]
      },
      "/Users/heatherdalton/makers_projects/makersbnb/spec/features/new_user_spec.rb": {
        "lines": [
          1,
          1,
          1,
          1,
          1,
          1,
          1,
          null,
          1,
          null,
          null
        ]
      },
      "/Users/heatherdalton/makers_projects/makersbnb/spec/features/request_spec.rb": {
        "lines": [
          null,
          null,
          null,
          null,
          null,
          null,
          null,
          null,
          null,
          null,
          null
        ]
      },
      "/Users/heatherdalton/makers_projects/makersbnb/spec/features/show_details_spec.rb": {
        "lines": [
          1,
          1,
          1,
          1,
          1,
          1,
          1,
          1,
          1,
          1,
          1,
          1,
          1,
          1,
          null,
          null
        ]
      },
      "/Users/heatherdalton/makers_projects/makersbnb/spec/features/sign_in_spec.rb": {
        "lines": [
          1,
          1,
          1,
          1,
          1,
          null,
          null,
          null,
          1,
          1,
          1,
          1,
          1,
          1,
          1,
          null,
          null,
          null,
          null,
          null,
          1,
          1,
          1,
          1,
          1,
          1,
          1,
          null,
          null,
          null,
          null,
          null,
          null,
          null,
          null,
          null
        ]
      },
      "/Users/heatherdalton/makers_projects/makersbnb/spec/units/booking_spec.rb": {
        "lines": [
          1,
          1,
          null,
          1,
          1,
          1,
          null,
          1,
          1,
          1,
          1,
          null,
          null,
          null,
          1,
          1,
          1,
          1,
          null,
          null,
          null,
          1,
          1,
          1,
          1,
          null,
          null
        ]
      },
      "/Users/heatherdalton/makers_projects/makersbnb/spec/units/request_spec.rb": {
        "lines": [
          1,
          null,
          1,
          1,
          1,
          null,
          1,
          null,
          1,
          null,
          null,
          null,
          null,
          1,
          1,
          1,
          1,
          null,
          null,
          null
        ]
      },
      "/Users/heatherdalton/makers_projects/makersbnb/spec/units/space_spec.rb": {
        "lines": [
          1,
          1,
          null,
          1,
          1,
          1,
          1,
          1,
          1,
          null,
          1,
          null,
          1,
          1,
          1,
          1,
          1,
          1,
          null,
          null,
          null,
          1,
          1,
          1,
          1,
          1,
          null,
          null,
          null
        ]
      },
      "/Users/heatherdalton/makers_projects/makersbnb/spec/database_helpers.rb": {
        "lines": [
          1,
          null,
          1,
          1,
          1,
          1,
          null,
          null
        ]
      },
      "/Users/heatherdalton/makers_projects/makersbnb/spec/units/user_spec.rb": {
        "lines": [
          1,
          null,
          1,
          1,
          1,
          1,
          1,
          null,
          null,
          null,
          1,
          1,
          1,
          1,
          null,
          null,
          null,
          1,
          1,
          1,
          1,
          null,
          null,
          null
        ]
      }
    },
    "timestamp": 1629463579
  }
}
